The system is: Linux - 3.2.0-33-generic - x86_64
Compiling the C compiler identification source file "CMakeCCompilerId.c" succeeded.
Compiler: /usr/bin/gcc 
Build flags: 
Id flags: 

The output was:
0


Compilation of the C compiler identification source "CMakeCCompilerId.c" produced "a.out"

The C compiler identification is GNU, found in "/home/summit/Sources/summit/summit_robot/webcam-tools/CMakeFiles/CompilerIdC/a.out"

Compiling the CXX compiler identification source file "CMakeCXXCompilerId.cpp" succeeded.
Compiler: /usr/bin/c++ 
Build flags: 
Id flags: 

The output was:
0


Compilation of the CXX compiler identification source "CMakeCXXCompilerId.cpp" produced "a.out"

The CXX compiler identification is GNU, found in "/home/summit/Sources/summit/summit_robot/webcam-tools/CMakeFiles/CompilerIdCXX/a.out"

Determining if the C compiler works passed with the following output:
Change Dir: /home/summit/Sources/summit/summit_robot/webcam-tools/CMakeFiles/CMakeTmp

Run Build Command:/home/summit/Sources/summit/summit_robot/webcam-tools/make "cmTryCompileExec/fast"


Detecting C compiler ABI info compiled with the following output:
Change Dir: /home/summit/Sources/summit/summit_robot/webcam-tools/CMakeFiles/CMakeTmp

Run Build Command:/home/summit/Sources/summit/summit_robot/webcam-tools/make "cmTryCompileExec/fast"


Parsed C implicit link information from above output:
  link line regex: [^( *|.*[/\])(ld|ld|collect2)[^/\]*( |$)]
  ignore line: [Change Dir: /home/summit/Sources/summit/summit_robot/webcam-tools/CMakeFiles/CMakeTmp]
  ignore line: []
  ignore line: [Run Build Command:/home/summit/Sources/summit/summit_robot/webcam-tools/make "cmTryCompileExec/fast"]
  ignore line: []
  implicit libs: []
  implicit dirs: []


Determining if the CXX compiler works passed with the following output:
Change Dir: /home/summit/Sources/summit/summit_robot/webcam-tools/CMakeFiles/CMakeTmp

Run Build Command:/home/summit/Sources/summit/summit_robot/webcam-tools/make "cmTryCompileExec/fast"


Detecting CXX compiler ABI info compiled with the following output:
Change Dir: /home/summit/Sources/summit/summit_robot/webcam-tools/CMakeFiles/CMakeTmp

Run Build Command:/home/summit/Sources/summit/summit_robot/webcam-tools/make "cmTryCompileExec/fast"


Parsed CXX implicit link information from above output:
  link line regex: [^( *|.*[/\])(ld|ld|collect2)[^/\]*( |$)]
  ignore line: [Change Dir: /home/summit/Sources/summit/summit_robot/webcam-tools/CMakeFiles/CMakeTmp]
  ignore line: []
  ignore line: [Run Build Command:/home/summit/Sources/summit/summit_robot/webcam-tools/make "cmTryCompileExec/fast"]
  ignore line: []
  implicit libs: []
  implicit dirs: []


